<?xml version="1.0" encoding="UTF-8" ?>
<testsuite tests="11" failures="0" name="RunnerTest" time="0.924" errors="0" skipped="0">
  <properties>
[...]
</properties>
  <testcase classname="Сценарий: выбор ноутбука" name="Когда пользователь открывает браузер" time="0.02"/>
  <testcase classname="Сценарий: выбор ноутбука" name="Тогда перейти на www.yandex.ru" time="0"/>
  <testcase classname="Сценарий: выбор ноутбука" name="И перейти в яндекс маркет" time="0"/>
  <testcase classname="Сценарий: выбор ноутбука" name="И пользователь выбирает раздел Компьютеры" time="0"/>
  <testcase classname="Сценарий: выбор ноутбука" name="И пользователь выбирает подраздел Ноутбуки" time="0"/>
  <testcase classname="Сценарий: выбор ноутбука" name="И установить цену до 30000" time="0"/>
  <testcase classname="Сценарий: выбор ноутбука" name="И выбрать фирмы HP, Lenovo" time="0"/>
  <testcase classname="Сценарий: выбор ноутбука" name="И запомнить первый элемент" time="0"/>
  <testcase classname="Сценарий: выбор ноутбука" name="И ввести полученное название" time="0.001"/>
  <testcase classname="Сценарий: выбор ноутбука" name="И проверить данные" time="0"/>
  <testcase classname="Сценарий: выбор ноутбука" name="Сценарий: выбор ноутбука" time="0.903"/>
</testsuite>